2020-12-25 08:12:09,480  INFO (LogHelper.java:31) - HHH000204: Processing PersistenceUnitInfo [name: step10_step02Test_s]
2020-12-25 08:12:09,690  INFO (Version.java:46) - HHH000412: Hibernate Core {5.4.2.Final}
2020-12-25 08:12:10,176  INFO (JavaReflectionManager.java:49) - HCANN000001: Hibernate Commons Annotations {5.1.0.Final}
2020-12-25 08:12:10,579  WARN (DriverManagerConnectionProviderImpl.java:72) - HHH10001002: Using Hibernate built-in connection pool (not for production use!)
2020-12-25 08:12:10,581  INFO (DriverManagerConnectionProviderImpl.java:115) - HHH10001005: using driver [oracle.jdbc.OracleDriver] at URL [jdbc:oracle:thin:@127.0.0.1:1521:xe]
2020-12-25 08:12:10,582  INFO (DriverManagerConnectionProviderImpl.java:124) - HHH10001001: Connection properties: {user=SCOTT, password=****}
2020-12-25 08:12:10,582  INFO (DriverManagerConnectionProviderImpl.java:129) - HHH10001003: Autocommit mode: false
2020-12-25 08:12:10,588  INFO (DriverManagerConnectionProviderImpl.java:239) - HHH000115: Hibernate connection pool size: 20 (min=1)
2020-12-25 08:12:10,651  INFO (Dialect.java:158) - HHH000400: Using dialect: org.hibernate.dialect.OracleDialect
2020-12-25 08:12:10,664  WARN (Oracle9Dialect.java:58) - HHH000063: The Oracle9Dialect dialect has been deprecated; use either Oracle9iDialect or Oracle10gDialect instead
2020-12-25 08:12:10,667  WARN (OracleDialect.java:39) - HHH000064: The OracleDialect dialect has been deprecated; use Oracle8iDialect instead
2020-12-25 08:12:12,388  INFO (JtaPlatformInitiator.java:52) - HHH000490: Using JtaPlatform implementation: [org.hibernate.engine.transaction.jta.platform.internal.NoJtaPlatform]
2020-12-25 08:12:12,397  WARN (PublicCommon.java:15) - DB ?젒?냽 湲곕줉
2020-12-25 08:12:12,625  WARN (PublicCommon.java:20) - Entity Manager 由ы꽩 湲곕줉
2020-12-25 08:12:45,651  INFO (LogHelper.java:31) - HHH000204: Processing PersistenceUnitInfo [name: step10_step02Test_s]
2020-12-25 08:12:45,836  INFO (Version.java:46) - HHH000412: Hibernate Core {5.4.2.Final}
2020-12-25 08:12:46,329  INFO (JavaReflectionManager.java:49) - HCANN000001: Hibernate Commons Annotations {5.1.0.Final}
2020-12-25 08:12:46,849  WARN (DriverManagerConnectionProviderImpl.java:72) - HHH10001002: Using Hibernate built-in connection pool (not for production use!)
2020-12-25 08:12:46,926  INFO (DriverManagerConnectionProviderImpl.java:115) - HHH10001005: using driver [oracle.jdbc.OracleDriver] at URL [jdbc:oracle:thin:@127.0.0.1:1521:xe]
2020-12-25 08:12:46,927  INFO (DriverManagerConnectionProviderImpl.java:124) - HHH10001001: Connection properties: {user=SCOTT, password=****}
2020-12-25 08:12:46,931  INFO (DriverManagerConnectionProviderImpl.java:129) - HHH10001003: Autocommit mode: false
2020-12-25 08:12:46,938  INFO (DriverManagerConnectionProviderImpl.java:239) - HHH000115: Hibernate connection pool size: 20 (min=1)
2020-12-25 08:12:47,266  INFO (Dialect.java:158) - HHH000400: Using dialect: org.hibernate.dialect.OracleDialect
2020-12-25 08:12:47,280  WARN (Oracle9Dialect.java:58) - HHH000063: The Oracle9Dialect dialect has been deprecated; use either Oracle9iDialect or Oracle10gDialect instead
2020-12-25 08:12:47,284  WARN (OracleDialect.java:39) - HHH000064: The OracleDialect dialect has been deprecated; use Oracle8iDialect instead
2020-12-25 08:12:49,312  INFO (JtaPlatformInitiator.java:52) - HHH000490: Using JtaPlatform implementation: [org.hibernate.engine.transaction.jta.platform.internal.NoJtaPlatform]
2020-12-25 08:12:49,320  WARN (PublicCommon.java:15) - DB 접속 기록
2020-12-25 08:12:49,512  WARN (PublicCommon.java:20) - Entity Manager 리턴 기록
2020-12-25 08:13:19,896  WARN (PublicCommon.java:20) - Entity Manager 리턴 기록
2020-12-25 08:13:28,873  WARN (PublicCommon.java:20) - Entity Manager 리턴 기록
2020-12-25 08:13:35,875  WARN (PublicCommon.java:20) - Entity Manager 리턴 기록
2020-12-25 08:13:35,879  WARN (PublicCommon.java:20) - Entity Manager 리턴 기록
2020-12-25 08:13:35,895  WARN (PublicCommon.java:20) - Entity Manager 리턴 기록
2020-12-25 08:13:58,101  WARN (PublicCommon.java:20) - Entity Manager 리턴 기록
2020-12-25 13:17:44,498  WARN (PublicCommon.java:20) - Entity Manager 리턴 기록
2020-12-25 13:22:54,252  WARN (PublicCommon.java:20) - Entity Manager 리턴 기록
2020-12-25 13:22:57,323  WARN (PublicCommon.java:20) - Entity Manager 리턴 기록
2020-12-25 13:22:57,325  WARN (PublicCommon.java:20) - Entity Manager 리턴 기록
2020-12-25 13:22:57,327  WARN (PublicCommon.java:20) - Entity Manager 리턴 기록
2020-12-25 14:42:05,799  WARN (PublicCommon.java:20) - Entity Manager 리턴 기록
2020-12-25 14:42:05,808  WARN (PublicCommon.java:20) - Entity Manager 리턴 기록
2020-12-25 14:42:05,811  WARN (PublicCommon.java:20) - Entity Manager 리턴 기록
2020-12-25 15:43:29,247  WARN (PublicCommon.java:20) - Entity Manager 리턴 기록
2020-12-25 15:45:21,139  WARN (PublicCommon.java:20) - Entity Manager 리턴 기록
